<?xml version="1.0" encoding="UTF-8"?>
<!-- Generated by org.testng.reporters.JUnitXMLReporter -->
<testsuite ignored="1" hostname="LAPTOP-QT2UH10T" failures="1" tests="3" name="Test" time="80.328" errors="0" timestamp="2024-01-03T23:17:04 IST">
  <testcase classname="cOVSERFOX_Test.CF_TC55_LiSTNERfaIL_Parametric_Validate_search_results_for_healthcare_plocies" name="validateTestPlansFromTextAndBanners" time="5.129">
    <failure type="java.lang.AssertionError" message="textreult and bannerResult are  matching did not expect [49] but found [49]">
      <![CDATA[java.lang.AssertionError: textreult and bannerResult are  matching did not expect [49] but found [49]
at cOVSERFOX_Test.CF_TC55_LiSTNERfaIL_Parametric_Validate_search_results_for_healthcare_plocies.validateTestPlansFromTextAndBanners(CF_TC55_LiSTNERfaIL_Parametric_Validate_search_results_for_healthcare_plocies.java:83)
at java.base/java.util.ArrayList.forEach(ArrayList.java:1511)
... Removed 29 stack frames]]>
    </failure>
  </testcase> <!-- validateTestPlansFromTextAndBanners -->
  <testcase classname="cOVSERFOX_Test.CF_TC57_ValidatingPincodeErrorMassage" name="ValidateSortMsg" time="0.173"/>
  <testcase classname="cOVSERFOX_Test.CF_TC56_Parametric_Validate_search_results_for_SortplanText" name="validateSortPlansButton" time="5.072"/>
  <testcase classname="cOVSERFOX_Test.CF_TC56_Parametric_Validate_search_results_for_SortplanText" name="validateTestPlansFromTextAndBanners" time="0.0">
    <ignored/>
  </testcase> <!-- validateTestPlansFromTextAndBanners -->
</testsuite> <!-- Test -->
