<html>
<head>
<title>TestNG:  Test</title>
<link href="../testng.css" rel="stylesheet" type="text/css" />
<link href="../my-testng.css" rel="stylesheet" type="text/css" />

<style type="text/css">
.log { display: none;} 
.stack-trace { display: none;} 
</style>
<script type="text/javascript">
<!--
function flip(e) {
  current = e.style.display;
  if (current == 'block') {
    e.style.display = 'none';
    return 0;
  }
  else {
    e.style.display = 'block';
    return 1;
  }
}

function toggleBox(szDivId, elem, msg1, msg2)
{
  var res = -1;  if (document.getElementById) {
    res = flip(document.getElementById(szDivId));
  }
  else if (document.all) {
    // this is the way old msie versions work
    res = flip(document.all[szDivId]);
  }
  if(elem) {
    if(res == 0) elem.innerHTML = msg1; else elem.innerHTML = msg2;
  }

}

function toggleAllBoxes() {
  if (document.getElementsByTagName) {
    d = document.getElementsByTagName('div');
    for (i = 0; i < d.length; i++) {
      if (d[i].className == 'log') {
        flip(d[i]);
      }
    }
  }
}

// -->
</script>

</head>
<body>
<h2 align='center'>Test</h2><table border='1' align="center">
<tr>
<td>Tests passed/Failed/Skipped:</td><td>2/1/0</td>
</tr><tr>
<td>Started on:</td><td>Wed Jan 03 23:15:43 IST 2024</td>
</tr>
<tr><td>Total time:</td><td>80 seconds (80328 ms)</td>
</tr><tr>
<td>Included groups:</td><td></td>
</tr><tr>
<td>Excluded groups:</td><td></td>
</tr>
</table><p/>
<small><i>(Hover the method name to see the test class name)</i></small><p/>
<table width='100%' border='1' class='invocation-failed'>
<tr><td colspan='4' align='center'><b>FAILED TESTS</b></td></tr>
<tr><td><b>Test method</b></td>
<td><b>Attribute(s)</b></td>
<td width="30%"><b>Exception</b></td>
<td width="10%"><b>Time (seconds)</b></td>
<td><b>Instance</b></td>
</tr>
<tr>
<td title='cOVSERFOX_Test.CF_TC55_LiSTNERfaIL_Parametric_Validate_search_results_for_healthcare_plocies.validateTestPlansFromTextAndBanners()'><b>validateTestPlansFromTextAndBanners</b><br>Test class: cOVSERFOX_Test.CF_TC55_LiSTNERfaIL_Parametric_Validate_search_results_for_healthcare_plocies<br/>
<a href="#Output-1083615749" onClick='toggleBox("Output-1083615749", this, "Show output", "Hide output");'>Show output</a>

<a href="#Output-1083615749" onClick="toggleAllBoxes();">Show all outputs</a>
<div class='log' id="Output-1083615749">
Fetching No of Details from Text<br/>
Fetching No of Details from Banner<br/>
Taking ScreenShot<br/>
Saved ScreenShot atD:\selenium\screenshot_permanat\coverfoxvalidateTestPlansFromTextAndBanners_2024.01.03.23.16.06.png<br/>
</div>
</td>
<td><div><pre>java.lang.AssertionError: textreult and bannerResult are  matching did not expect [49] but found [49]
	at cOVSERFOX_Test.CF_TC55_LiSTNERfaIL_Parametric_Validate_search_results_for_healthcare_plocies.validateTestPlansFromTextAndBanners(CF_TC55_LiSTNERfaIL_Parametric_Validate_search_results_for_healthcare_plocies.java:83)
	at java.base/java.util.ArrayList.forEach(ArrayList.java:1511)
... Removed 29 stack frames</pre></div><a href='#' onClick='toggleBox("stack-trace1083615749", this, "Click to show all stack frames", "Click to hide stack frames")'>Click to show all stack frames</a>
<div class='stack-trace' id='stack-trace1083615749'><pre>java.lang.AssertionError: textreult and bannerResult are  matching did not expect [49] but found [49]
	at org.testng.Assert.fail(Assert.java:111)
	at org.testng.Assert.failEquals(Assert.java:1582)
	at org.testng.Assert.assertNotEqualsImpl(Assert.java:157)
	at org.testng.Assert.assertNotEquals(Assert.java:2198)
	at cOVSERFOX_Test.CF_TC55_LiSTNERfaIL_Parametric_Validate_search_results_for_healthcare_plocies.validateTestPlansFromTextAndBanners(CF_TC55_LiSTNERfaIL_Parametric_Validate_search_results_for_healthcare_plocies.java:83)
	at java.base/jdk.internal.reflect.DirectMethodHandleAccessor.invoke(DirectMethodHandleAccessor.java:104)
	at java.base/java.lang.reflect.Method.invoke(Method.java:578)
	at org.testng.internal.invokers.MethodInvocationHelper.invokeMethod(MethodInvocationHelper.java:139)
	at org.testng.internal.invokers.TestInvoker.invokeMethod(TestInvoker.java:664)
	at org.testng.internal.invokers.TestInvoker.invokeTestMethod(TestInvoker.java:227)
	at org.testng.internal.invokers.MethodRunner.runInSequence(MethodRunner.java:50)
	at org.testng.internal.invokers.TestInvoker$MethodInvocationAgent.invoke(TestInvoker.java:957)
	at org.testng.internal.invokers.TestInvoker.invokeTestMethods(TestInvoker.java:200)
	at org.testng.internal.invokers.TestMethodWorker.invokeTestMethods(TestMethodWorker.java:148)
	at org.testng.internal.invokers.TestMethodWorker.run(TestMethodWorker.java:128)
	at java.base/java.util.ArrayList.forEach(ArrayList.java:1511)
	at org.testng.TestRunner.privateRun(TestRunner.java:848)
	at org.testng.TestRunner.run(TestRunner.java:621)
	at org.testng.SuiteRunner.runTest(SuiteRunner.java:443)
	at org.testng.SuiteRunner.runSequentially(SuiteRunner.java:437)
	at org.testng.SuiteRunner.privateRun(SuiteRunner.java:397)
	at org.testng.SuiteRunner.run(SuiteRunner.java:336)
	at org.testng.SuiteRunnerWorker.runSuite(SuiteRunnerWorker.java:52)
	at org.testng.SuiteRunnerWorker.run(SuiteRunnerWorker.java:95)
	at org.testng.TestNG.runSuitesSequentially(TestNG.java:1280)
	at org.testng.TestNG.runSuitesLocally(TestNG.java:1200)
	at org.testng.TestNG.runSuites(TestNG.java:1114)
	at org.testng.TestNG.run(TestNG.java:1082)
	at org.testng.remote.AbstractRemoteTestNG.run(AbstractRemoteTestNG.java:115)
	at org.testng.remote.RemoteTestNG.initAndRun(RemoteTestNG.java:251)
	at org.testng.remote.RemoteTestNG.main(RemoteTestNG.java:77)
</pre></div></td>
<td>5</td>
<td>cOVSERFOX_Test.CF_TC55_LiSTNERfaIL_Parametric_Validate_search_results_for_healthcare_plocies@dd05255</td></tr>
</table><p>
<table width='100%' border='1' class='invocation-passed'>
<tr><td colspan='4' align='center'><b>PASSED TESTS</b></td></tr>
<tr><td><b>Test method</b></td>
<td><b>Attribute(s)</b></td>
<td width="30%"><b>Exception</b></td>
<td width="10%"><b>Time (seconds)</b></td>
<td><b>Instance</b></td>
</tr>
<tr>
<td title='cOVSERFOX_Test.CF_TC56_Parametric_Validate_search_results_for_SortplanText.validateSortPlansButton()'><b>validateSortPlansButton</b><br>Test class: cOVSERFOX_Test.CF_TC56_Parametric_Validate_search_results_for_SortplanText<br/>
<a href="#Output-558913557" onClick='toggleBox("Output-558913557", this, "Show output", "Hide output");'>Show output</a>

<a href="#Output-558913557" onClick="toggleAllBoxes();">Show all outputs</a>
<div class='log' id="Output-558913557">
Validating sortPlanElementPresency<br/>
</div>
</td>
<td></td>
<td>5</td>
<td>cOVSERFOX_Test.CF_TC56_Parametric_Validate_search_results_for_SortplanText@682b2fa</td></tr>
<tr>
<td title='cOVSERFOX_Test.CF_TC57_ValidatingPincodeErrorMassage.ValidateSortMsg()'><b>ValidateSortMsg</b><br>Test class: cOVSERFOX_Test.CF_TC57_ValidatingPincodeErrorMassage</td>
<td></td>
<td>0</td>
<td>cOVSERFOX_Test.CF_TC57_ValidatingPincodeErrorMassage@139982de</td></tr>
</table><p>
</body>
</html>