<?xml version="1.0" encoding="UTF-8"?>
<!-- Generated by org.testng.reporters.JUnitReportReporter -->
<testsuite hostname="LAPTOP-QT2UH10T" failures="1" tests="4" name="testNGStudy.Myclass2" time="0.005" errors="0" timestamp="2024-01-03T16:05:27 IST" skipped="1">
  <testcase classname="testNGStudy.Myclass2" name="e" time="0.002">
    <system-out>
      <![CDATA[Tc e Execution is Started 
Hi e is Running 
Tc e is complites sucessfully Listner 2 
Tc e is complites sucessfully ]]>
    </system-out>
  </testcase> <!-- e -->
  <testcase classname="testNGStudy.Myclass2" name="h" time="0.002">
    <system-out>
      <![CDATA[Tc h Execution is Started 
Hi h is Running 
Tc h is complites sucessfully Listner 2 
Tc h is complites sucessfully ]]>
    </system-out>
  </testcase> <!-- h -->
  <testcase classname="testNGStudy.Myclass2" name="f" time="0.001">
    <failure message="null" type="java.lang.AssertionError">
      <![CDATA[java.lang.AssertionError: null
at org.testng.Assert.fail(Assert.java:111)
at org.testng.Assert.fail(Assert.java:116)
at testNGStudy.Myclass2.f(Myclass2.java:18)
at java.base/jdk.internal.reflect.DirectMethodHandleAccessor.invoke(DirectMethodHandleAccessor.java:104)
at java.base/java.lang.reflect.Method.invoke(Method.java:578)
at org.testng.internal.invokers.MethodInvocationHelper.invokeMethod(MethodInvocationHelper.java:139)
at org.testng.internal.invokers.TestInvoker.invokeMethod(TestInvoker.java:664)
at org.testng.internal.invokers.TestInvoker.invokeTestMethod(TestInvoker.java:227)
at org.testng.internal.invokers.MethodRunner.runInSequence(MethodRunner.java:50)
at org.testng.internal.invokers.TestInvoker$MethodInvocationAgent.invoke(TestInvoker.java:957)
at org.testng.internal.invokers.TestInvoker.invokeTestMethods(TestInvoker.java:200)
at org.testng.internal.invokers.TestMethodWorker.invokeTestMethods(TestMethodWorker.java:148)
at org.testng.internal.invokers.TestMethodWorker.run(TestMethodWorker.java:128)
at java.base/java.util.ArrayList.forEach(ArrayList.java:1511)
at org.testng.TestRunner.privateRun(TestRunner.java:848)
at org.testng.TestRunner.run(TestRunner.java:621)
at org.testng.SuiteRunner.runTest(SuiteRunner.java:443)
at org.testng.SuiteRunner.runSequentially(SuiteRunner.java:437)
at org.testng.SuiteRunner.privateRun(SuiteRunner.java:397)
at org.testng.SuiteRunner.run(SuiteRunner.java:336)
at org.testng.SuiteRunnerWorker.runSuite(SuiteRunnerWorker.java:52)
at org.testng.SuiteRunnerWorker.run(SuiteRunnerWorker.java:95)
at org.testng.TestNG.runSuitesSequentially(TestNG.java:1280)
at org.testng.TestNG.runSuitesLocally(TestNG.java:1200)
at org.testng.TestNG.runSuites(TestNG.java:1114)
at org.testng.TestNG.run(TestNG.java:1082)
at org.testng.remote.AbstractRemoteTestNG.run(AbstractRemoteTestNG.java:115)
at org.testng.remote.RemoteTestNG.initAndRun(RemoteTestNG.java:251)
at org.testng.remote.RemoteTestNG.main(RemoteTestNG.java:77)
]]>
    </failure>
    <system-out>
      <![CDATA[Tc f Execution is Started 
Tc f is failed , Please check again Listner 2 
Tc f is failed , Please check again ]]>
    </system-out>
  </testcase> <!-- f -->
  <testcase classname="testNGStudy.Myclass2" name="g" time="0.000">
    <skipped/>
    <system-out>
      <![CDATA[Tc g is skipped , please check dependant method ]]>
    </system-out>
  </testcase> <!-- g -->
  <system-out>
    <![CDATA[Tc b Execution is Started 
Tc b is failed , Please check again Listner 2 
Tc b is failed , Please check again 
Tc d Execution is Started 
Hi d is Running 
Tc d is complites sucessfully Listner 2 
Tc d is complites sucessfully 
Tc a Execution is Started 
Hi a is Running 
Tc a is complites sucessfully Listner 2 
Tc a is complites sucessfully 
Tc c Execution is Started 
Tc c is skipped , please check dependant method 
Tc e Execution is Started 
Hi e is Running 
Tc e is complites sucessfully Listner 2 
Tc e is complites sucessfully 
Tc f Execution is Started 
Tc f is failed , Please check again Listner 2 
Tc f is failed , Please check again 
Tc h Execution is Started 
Hi h is Running 
Tc h is complites sucessfully Listner 2 
Tc h is complites sucessfully 
Tc g Execution is Started 
Tc g is skipped , please check dependant method ]]>
  </system-out>
</testsuite> <!-- testNGStudy.Myclass2 -->
